Reindex failed (returncode=1):
Traceback (most recent call last):
  File "D:\knowledge assistant\backend\tools\reindex.py", line 88, in <module>
    reindex()
    ~~~~~~~^^
  File "D:\knowledge assistant\backend\tools\reindex.py", line 49, in reindex
    chunks = ingest_documents(resolved_folder, chunk_size, overlap, normalize=True)
  File "D:\knowledge assistant\backend\core\ingestion.py", line 64, in ingest_documents
    documents = load_documents(folder)
  File "D:\knowledge assistant\backend\core\ingestion.py", line 24, in load_documents
    print(f"\u2705 Loaded {len(documents)} documents")
    ~~~~~^^^^^^^^^^^^^^^^^^^^^^^^^^^^^^^^^^^^^^^^^
  File "C:\Program Files\Python313\Lib\encodings\cp1252.py", line 19, in encode
    return codecs.charmap_encode(input,self.errors,encoding_table)[0]
           ~~~~~~~~~~~~~~~~~~~~~^^^^^^^^^^^^^^^^^^^^^^^^^^^^^^^^^^
UnicodeEncodeError: 'charmap' codec can't encode character '\u2705' in position 0: character maps to <undefined>

Reindex failed (returncode=1):
Traceback (most recent call last):
  File "D:\knowledge assistant\backend\core\parser.py", line 203, in parse_document
    return parser(file_path)
  File "D:\knowledge assistant\backend\core\parser.py", line 26, in parse_json
    text = data.get("content") or data.get("text") or json.dumps(data)
           ^^^^^^^^
AttributeError: 'list' object has no attribute 'get'

During handling of the above exception, another exception occurred:

Traceback (most recent call last):
  File "D:\knowledge assistant\backend\tools\reindex.py", line 88, in <module>
    reindex()
    ~~~~~~~^^
  File "D:\knowledge assistant\backend\tools\reindex.py", line 49, in reindex
    chunks = ingest_documents(resolved_folder, chunk_size, overlap, normalize=True)
  File "D:\knowledge assistant\backend\core\ingestion.py", line 64, in ingest_documents
    documents = load_documents(folder)
  File "D:\knowledge assistant\backend\core\ingestion.py", line 23, in load_documents
    documents = parse_folder(folder)
  File "D:\knowledge assistant\backend\core\parser.py", line 227, in parse_folder
    doc = parse_document(str(file_path))
  File "D:\knowledge assistant\backend\core\parser.py", line 205, in parse_document
    print(f"\u274c Error parsing {file_path}: {e}")
    ~~~~~^^^^^^^^^^^^^^^^^^^^^^^^^^^^^^^^^^^^^^
  File "C:\Program Files\Python313\Lib\encodings\cp1252.py", line 19, in encode
    return codecs.charmap_encode(input,self.errors,encoding_table)[0]
           ~~~~~~~~~~~~~~~~~~~~~^^^^^^^^^^^^^^^^^^^^^^^^^^^^^^^^^^
UnicodeEncodeError: 'charmap' codec can't encode character '\u274c' in position 0: character maps to <undefined>

Reindex failed (returncode=3221225786):
Traceback (most recent call last):
  File "D:\knowledge assistant\backend\tools\reindex.py", line 13, in <module>
    from core.vector_store import add_chunks, clear_db, get_collection_count
  File "D:\knowledge assistant\backend\core\vector_store.py", line 6, in <module>
    from sentence_transformers import SentenceTransformer
  File "D:\knowledge assistant\backend\venv\Lib\site-packages\sentence_transformers\__init__.py", line 10, in <module>
    from sentence_transformers.backend import (
    ...<3 lines>...
    )
  File "D:\knowledge assistant\backend\venv\Lib\site-packages\sentence_transformers\backend\__init__.py", line 3, in <module>
    from .load import load_onnx_model, load_openvino_model
  File "D:\knowledge assistant\backend\venv\Lib\site-packages\sentence_transformers\backend\load.py", line 7, in <module>
    from transformers.configuration_utils import PretrainedConfig
  File "D:\knowledge assistant\backend\venv\Lib\site-packages\transformers\__init__.py", line 800, in <module>
    import_structure = define_import_structure(Path(__file__).parent / "models", prefix="models")
  File "D:\knowledge assistant\backend\venv\Lib\site-packages\transformers\utils\import_utils.py", line 3037, in define_import_structure
    import_structure = create_import_structure_from_path(module_path)
  File "D:\knowledge assistant\backend\venv\Lib\site-packages\transformers\utils\import_utils.py", line 2754, in create_import_structure_from_path
    import_structure[entry.name] = create_import_structure_from_path(entry.path)
                                   ~~~~~~~~~~~~~~~~~~~~~~~~~~~~~~~~~^^^^^^^^^^^^
  File "D:\knowledge assistant\backend\venv\Lib\site-packages\transformers\utils\import_utils.py", line 2784, in create_import_structure_from_path
    if check(module_name, file_content):
       ~~~~~^^^^^^^^^^^^^^^^^^^^^^^^^^^
  File "D:\knowledge assistant\backend\venv\Lib\site-packages\transformers\utils\import_utils.py", line 2640, in <lambda>
    lambda name, content: "image_processing_" in name: ("vision",),
    
KeyboardInterrupt

